[debug] [2024-10-24T14:59:31.843Z] ----------------------------------------------------------------------
[debug] [2024-10-24T14:59:31.845Z] Command:       /usr/local/bin/firebase /Users/mac/.cache/firebase/tools/lib/node_modules/firebase-tools/lib/bin/firebase init
[debug] [2024-10-24T14:59:31.846Z] CLI Version:   13.20.2
[debug] [2024-10-24T14:59:31.846Z] Platform:      darwin
[debug] [2024-10-24T14:59:31.846Z] Node Version:  v18.5.0
[debug] [2024-10-24T14:59:31.847Z] Time:          Thu Oct 24 2024 14:59:31 GMT+0000 (Greenwich Mean Time)
[debug] [2024-10-24T14:59:31.847Z] ----------------------------------------------------------------------
[debug] 
[debug] [2024-10-24T14:59:31.851Z] >>> [apiv2][query] GET https://firebase-public.firebaseio.com/cli.json [none]
[debug] [2024-10-24T14:59:31.899Z] > command requires scopes: ["email","openid","https://www.googleapis.com/auth/cloudplatformprojects.readonly","https://www.googleapis.com/auth/firebase","https://www.googleapis.com/auth/cloud-platform"]
[debug] [2024-10-24T14:59:31.900Z] > authorizing via signed-in user (iakwasititus@gmail.com)
[info] 
     ######## #### ########  ######## ########     ###     ######  ########
     ##        ##  ##     ## ##       ##     ##  ##   ##  ##       ##
     ######    ##  ########  ######   ########  #########  ######  ######
     ##        ##  ##    ##  ##       ##     ## ##     ##       ## ##
     ##       #### ##     ## ######## ########  ##     ##  ######  ########

You're about to initialize a Firebase project in this directory:

  /Users/mac/Documents/hotel site

[debug] [2024-10-24T14:59:32.688Z] <<< [apiv2][status] GET https://firebase-public.firebaseio.com/cli.json 200
[debug] [2024-10-24T14:59:32.690Z] <<< [apiv2][body] GET https://firebase-public.firebaseio.com/cli.json {"cloudBuildErrorAfter":1594252800000,"cloudBuildWarnAfter":1590019200000,"defaultNode10After":1594252800000,"minVersion":"3.0.5","node8DeploysDisabledAfter":1613390400000,"node8RuntimeDisabledAfter":1615809600000,"node8WarnAfter":1600128000000}
[info] 
=== Project Setup
[info] 
[info] First, let's associate this project directory with a Firebase project.
[info] You can create multiple project aliases by running firebase use --add, 
[info] but for now we'll just set up a default project.
[info] 
[info] i  If you want to create a project in a Google Cloud organization or folder, please use "firebase projects:create" instead, and return to this command when you've created the project. 
[debug] [2024-10-24T15:01:57.026Z] Checked if tokens are valid: false, expires at: 1728242831539
[debug] [2024-10-24T15:01:57.026Z] Checked if tokens are valid: false, expires at: 1728242831539
[debug] [2024-10-24T15:01:57.026Z] > refreshing access token with scopes: []
[debug] [2024-10-24T15:01:57.028Z] >>> [apiv2][query] POST https://www.googleapis.com/oauth2/v3/token [none]
[debug] [2024-10-24T15:01:57.028Z] >>> [apiv2][body] POST https://www.googleapis.com/oauth2/v3/token [omitted]
[debug] [2024-10-24T15:01:57.940Z] <<< [apiv2][status] POST https://www.googleapis.com/oauth2/v3/token 200
[debug] [2024-10-24T15:01:57.940Z] <<< [apiv2][body] POST https://www.googleapis.com/oauth2/v3/token [omitted]
[debug] [2024-10-24T15:01:57.967Z] >>> [apiv2][query] POST https://cloudresourcemanager.googleapis.com/v1/projects [none]
[debug] [2024-10-24T15:01:57.967Z] >>> [apiv2][body] POST https://cloudresourcemanager.googleapis.com/v1/projects {"projectId":"hotel_site","name":"hotel_site"}
[debug] [2024-10-24T15:01:59.251Z] <<< [apiv2][status] POST https://cloudresourcemanager.googleapis.com/v1/projects 400
[debug] [2024-10-24T15:01:59.252Z] <<< [apiv2][body] POST https://cloudresourcemanager.googleapis.com/v1/projects {"error":{"code":400,"message":"Request contains an invalid argument.","status":"INVALID_ARGUMENT","details":[{"@type":"type.googleapis.com/google.rpc.BadRequest","fieldViolations":[{"field":"project_id","description":"project_id contains invalid characters"},{"field":"display_name","description":"project display name contains invalid characters"}]},{"@type":"type.googleapis.com/google.rpc.Help","links":[{"url":"https://cloud.google.com/resource-manager/reference/rest/v1/projects"}]}]}}
[debug] [2024-10-24T15:01:59.827Z] FirebaseError: HTTP Error: 400, Request contains an invalid argument.
    at responseToError (/Users/mac/.cache/firebase/tools/lib/node_modules/firebase-tools/lib/responseToError.js:49:12)
    at RetryOperation._fn (/Users/mac/.cache/firebase/tools/lib/node_modules/firebase-tools/lib/apiv2.js:312:77)
    at process.processTicksAndRejections (node:internal/process/task_queues:95:5)
[error] 
[error] Error: Failed to create project. See firebase-debug.log for more info.
